Using pre-set license
Built from '2021.3/staging' branch; Version is '2021.3.36f1 (7a0645017be0) revision 7996997'; Using compiler version '192829333'; Build Type 'Release'
OS: 'Windows 11  (10.0.26100) 64bit Professional' Language: 'ru' Physical Memory: 16104 MB
BatchMode: 1, IsHumanControllingUs: 0, StartBugReporterOnCrash: 0, Is64bit: 1, IsPro: 1

COMMAND LINE ARGUMENTS:
C:\Program Files\Unity\Hub\Editor\2021.3.36f1\Editor\Unity.exe
-adb2
-batchMode
-noUpm
-name
AssetImportWorker3
-projectPath
C:/2DLesson
-logFile
Logs/AssetImportWorker3.log
-srvPort
54674
Successfully changed project path to: C:/2DLesson
C:/2DLesson
[UnityMemory] Configuration Parameters - Can be set up in boot.config
    "memorysetup-bucket-allocator-granularity=16"
    "memorysetup-bucket-allocator-bucket-count=8"
    "memorysetup-bucket-allocator-block-size=33554432"
    "memorysetup-bucket-allocator-block-count=8"
    "memorysetup-main-allocator-block-size=16777216"
    "memorysetup-thread-allocator-block-size=16777216"
    "memorysetup-gfx-main-allocator-block-size=16777216"
    "memorysetup-gfx-thread-allocator-block-size=16777216"
    "memorysetup-cache-allocator-block-size=4194304"
    "memorysetup-typetree-allocator-block-size=2097152"
    "memorysetup-profiler-bucket-allocator-granularity=16"
    "memorysetup-profiler-bucket-allocator-bucket-count=8"
    "memorysetup-profiler-bucket-allocator-block-size=33554432"
    "memorysetup-profiler-bucket-allocator-block-count=8"
    "memorysetup-profiler-allocator-block-size=16777216"
    "memorysetup-profiler-editor-allocator-block-size=1048576"
    "memorysetup-temp-allocator-size-main=16777216"
    "memorysetup-job-temp-allocator-block-size=2097152"
    "memorysetup-job-temp-allocator-block-size-background=1048576"
    "memorysetup-job-temp-allocator-reduction-small-platforms=262144"
    "memorysetup-temp-allocator-size-background-worker=32768"
    "memorysetup-temp-allocator-size-job-worker=262144"
    "memorysetup-temp-allocator-size-preload-manager=33554432"
    "memorysetup-temp-allocator-size-nav-mesh-worker=65536"
    "memorysetup-temp-allocator-size-audio-worker=65536"
    "memorysetup-temp-allocator-size-cloud-worker=32768"
    "memorysetup-temp-allocator-size-gi-baking-worker=262144"
    "memorysetup-temp-allocator-size-gfx=262144"
Player connection [1144] Host "[IP] 192.168.0.137 [Port] 0 [Flags] 2 [Guid] 475167141 [EditorId] 475167141 [Version] 1048832 [Id] WindowsEditor(7,Ilyas) [Debug] 1 [PackageName] WindowsEditor [ProjectName] Editor" joined multi-casting on [225.0.0.222:54997]...

Player connection [1144] Host "[IP] 192.168.0.137 [Port] 0 [Flags] 2 [Guid] 475167141 [EditorId] 475167141 [Version] 1048832 [Id] WindowsEditor(7,Ilyas) [Debug] 1 [PackageName] WindowsEditor [ProjectName] Editor" joined alternative multi-casting on [225.0.0.222:34997]...

[Physics::Module] Initialized MultithreadedJobDispatcher with {0} workers.
Refreshing native plugins compatible for Editor in 106.37 ms, found 6 plugins.
Preloading 0 native plugins for Editor in 0.00 ms.
Initialize engine version: 2021.3.36f1 (7a0645017be0)
[Subsystems] Discovering subsystems at path C:/Program Files/Unity/Hub/Editor/2021.3.36f1/Editor/Data/Resources/UnitySubsystems
[Subsystems] Discovering subsystems at path C:/2DLesson/Assets
GfxDevice: creating device client; threaded=0; jobified=0
Direct3D:
    Version:  Direct3D 11.0 [level 11.1]
    Renderer: NVIDIA GeForce RTX 4050 Laptop GPU (ID=0x28a1)
    Vendor:   NVIDIA
    VRAM:     5921 MB
    Driver:   31.0.15.5222
Initialize mono
Mono path[0] = 'C:/Program Files/Unity/Hub/Editor/2021.3.36f1/Editor/Data/Managed'
Mono path[1] = 'C:/Program Files/Unity/Hub/Editor/2021.3.36f1/Editor/Data/MonoBleedingEdge/lib/mono/unityjit-win32'
Mono config path = 'C:/Program Files/Unity/Hub/Editor/2021.3.36f1/Editor/Data/MonoBleedingEdge/etc'
Using monoOptions --debugger-agent=transport=dt_socket,embedding=1,server=y,suspend=n,address=127.0.0.1:56076
Begin MonoManager ReloadAssembly
Registering precompiled unity dll's ...
Register platform support module: C:/Program Files/Unity/Hub/Editor/2021.3.36f1/Editor/Data/PlaybackEngines/WebGLSupport/UnityEditor.WebGL.Extensions.dll
Register platform support module: C:/Program Files/Unity/Hub/Editor/2021.3.36f1/Editor/Data/PlaybackEngines/AndroidPlayer/UnityEditor.Android.Extensions.dll
Register platform support module: C:/Program Files/Unity/Hub/Editor/2021.3.36f1/Editor/Data/PlaybackEngines/iOSSupport/UnityEditor.iOS.Extensions.dll
Register platform support module: C:/Program Files/Unity/Hub/Editor/2021.3.36f1/Editor/Data/PlaybackEngines/WindowsStandaloneSupport/UnityEditor.WindowsStandalone.Extensions.dll
Registered in 0.003763 seconds.
Native extension for WindowsStandalone target not found
Failed to load: C:/Program Files/Unity/Hub/Editor/2021.3.36f1/Editor/Data/PlaybackEngines/iOSSupport\x64\UnityEditor.iOS.Native.dll
Native extension for iOS target not found
Native extension for Android target not found
Android Extension - Scanning For ADB Devices 221 ms
Native extension for WebGL target not found
Refreshing native plugins compatible for Editor in 60.26 ms, found 6 plugins.
Preloading 0 native plugins for Editor in 0.00 ms.
Mono: successfully reloaded assembly
- Completed reload, in  0.761 seconds
Domain Reload Profiling:
	ReloadAssembly (762ms)
		BeginReloadAssembly (84ms)
			ExecutionOrderSort (0ms)
			DisableScriptedObjects (0ms)
			BackupInstance (0ms)
			ReleaseScriptingObjects (0ms)
			CreateAndSetChildDomain (1ms)
		EndReloadAssembly (610ms)
			LoadAssemblies (82ms)
			RebuildTransferFunctionScriptingTraits (0ms)
			SetupTypeCache (76ms)
			ReleaseScriptCaches (0ms)
			RebuildScriptCaches (24ms)
			SetupLoadedEditorAssemblies (480ms)
				LogAssemblyErrors (0ms)
				InitializePlatformSupportModulesInManaged (326ms)
				SetLoadedEditorAssemblies (0ms)
				RefreshPlugins (60ms)
				BeforeProcessingInitializeOnLoad (1ms)
				ProcessInitializeOnLoadAttributes (63ms)
				ProcessInitializeOnLoadMethodAttributes (30ms)
				AfterProcessingInitializeOnLoad (0ms)
				EditorAssembliesLoaded (0ms)
			ExecutionOrderSort2 (0ms)
			AwakeInstancesAfterBackupRestoration (0ms)
Platform modules already initialized, skipping
Registering precompiled user dll's ...
Registered in 0.003941 seconds.
Begin MonoManager ReloadAssembly
Native extension for WindowsStandalone target not found
Failed to load: C:/Program Files/Unity/Hub/Editor/2021.3.36f1/Editor/Data/PlaybackEngines/iOSSupport\x64\UnityEditor.iOS.Native.dll
Native extension for iOS target not found
Native extension for Android target not found
Native extension for WebGL target not found
Refreshing native plugins compatible for Editor in 61.70 ms, found 6 plugins.
Preloading 0 native plugins for Editor in 0.00 ms.
Package Manager log level set to [2]
[Package Manager] Server::EnsureServerProcessIsRunning -- launch failed, reason: Unity was launched with the -noUpm command-line argument
[Package Manager] Cannot connect to Unity Package Manager local server
Mono: successfully reloaded assembly
- Completed reload, in  1.163 seconds
Domain Reload Profiling:
	ReloadAssembly (1164ms)
		BeginReloadAssembly (91ms)
			ExecutionOrderSort (0ms)
			DisableScriptedObjects (4ms)
			BackupInstance (0ms)
			ReleaseScriptingObjects (0ms)
			CreateAndSetChildDomain (15ms)
		EndReloadAssembly (993ms)
			LoadAssemblies (73ms)
			RebuildTransferFunctionScriptingTraits (0ms)
			SetupTypeCache (166ms)
			ReleaseScriptCaches (0ms)
			RebuildScriptCaches (43ms)
			SetupLoadedEditorAssemblies (692ms)
				LogAssemblyErrors (0ms)
				InitializePlatformSupportModulesInManaged (22ms)
				SetLoadedEditorAssemblies (0ms)
				RefreshPlugins (62ms)
				BeforeProcessingInitializeOnLoad (60ms)
				ProcessInitializeOnLoadAttributes (518ms)
				ProcessInitializeOnLoadMethodAttributes (26ms)
				AfterProcessingInitializeOnLoad (3ms)
				EditorAssembliesLoaded (0ms)
			ExecutionOrderSort2 (0ms)
			AwakeInstancesAfterBackupRestoration (4ms)
Platform modules already initialized, skipping
========================================================================
Worker process is ready to serve import requests
Launched and connected shader compiler UnityShaderCompiler.exe after 0.05 seconds
Refreshing native plugins compatible for Editor in 0.62 ms, found 6 plugins.
Preloading 0 native plugins for Editor in 0.00 ms.
Unloading 4043 Unused Serialized files (Serialized files now loaded: 0)
Unloading 39 unused Assets / (46.4 KB). Loaded Objects now: 4501.
Memory consumption went from 160.5 MB to 160.5 MB.
Total: 3.207700 ms (FindLiveObjects: 0.201400 ms CreateObjectMapping: 0.091600 ms MarkObjects: 2.840600 ms  DeleteObjects: 0.073100 ms)

AssetImportParameters requested are different than current active one (requested -> active):
  custom:video-decoder-ogg-theora: a1e56fd34408186e4bbccfd4996cb3dc -> 
  custom:container-muxer-webm: aa71ff27fc2769a1b78a27578f13a17b -> 
  custom:container-demuxer-webm: 4f35f7cbe854078d1ac9338744f61a02 -> 
  custom:video-encoder-webm-vp8: eb34c28f22e8b96e1ab97ce403110664 -> 
  custom:video-codec-MediaFoundation-h265: 746d11721c4dcdbdad8f713fa42b33f4 -> 
  custom:CustomObjectIndexerAttribute: bc11b3a6c3213fcdd17b65e7da85e133 -> 
  custom:audio-encoder-webm-vorbis: bf7c407c2cedff20999df2af8eb42d56 -> 
  custom:framework-win-MediaFoundation: 216162199b28c13a410421893ffa2e32 -> 
  custom:SearchIndexIgnoredProperties: e643bd26f0fe6173181afceb89e7c659 -> 
  custom:container-demuxer-ogg: 62fdf1f143b41e24485cea50d1cbac27 -> 
  custom:video-decoder-webm-vp8: 9c59270c3fd7afecdb556c50c9e8de78 -> 
  custom:audio-decoder-ogg-vorbis: bf7c407c2cedff20999df2af8eb42d56 -> 
========================================================================
Received Import Request.
  Time since last request: 769196.093407 seconds.
  path: Assets/Simple Vector Icons/128px/UI_Icon_SinglePlayer.png
  artifactKey: Guid(64ed8522d16f54ac19372380109a204d) Importer(815301076,1909f56bfc062723c751e8b465ee728b)
Number of updated assets reloaded before import = 0
Start importing Assets/Simple Vector Icons/128px/UI_Icon_SinglePlayer.png using Guid(64ed8522d16f54ac19372380109a204d) Importer(815301076,1909f56bfc062723c751e8b465ee728b)  -> (artifact id: '815911a09b6e600614e62a9961d4e065') in 0.138340 seconds 
Number of asset objects unloaded after import = 3
========================================================================
Received Import Request.
  Time since last request: 0.000041 seconds.
  path: Assets/Simple Vector Icons/128px/UI_Icon_Sleep.png
  artifactKey: Guid(67597e7135f0e4294911e3f1392fdaf4) Importer(815301076,1909f56bfc062723c751e8b465ee728b)
Number of updated assets reloaded before import = 0
Start importing Assets/Simple Vector Icons/128px/UI_Icon_Sleep.png using Guid(67597e7135f0e4294911e3f1392fdaf4) Importer(815301076,1909f56bfc062723c751e8b465ee728b)  -> (artifact id: 'cb9bbbcdd410a6929939070dfb1eec5a') in 0.029537 seconds 
Number of asset objects unloaded after import = 3
========================================================================
Received Import Request.
  Time since last request: 0.023140 seconds.
  path: Assets/Simple Vector Icons/128px/UI_Icon_Save1.png
  artifactKey: Guid(a51c58403dfd048a0a46826b9ace2ba1) Importer(815301076,1909f56bfc062723c751e8b465ee728b)
Number of updated assets reloaded before import = 0
Start importing Assets/Simple Vector Icons/128px/UI_Icon_Save1.png using Guid(a51c58403dfd048a0a46826b9ace2ba1) Importer(815301076,1909f56bfc062723c751e8b465ee728b)  -> (artifact id: '62608712ffb05a0dcfe0d7d97aa0c30d') in 0.050155 seconds 
Number of asset objects unloaded after import = 3
========================================================================
Received Import Request.
  Time since last request: 0.000021 seconds.
  path: Assets/Simple Vector Icons/128px/UI_Icon_Select.png
  artifactKey: Guid(c347ee72b1c784837909a26d0406a62f) Importer(815301076,1909f56bfc062723c751e8b465ee728b)
Number of updated assets reloaded before import = 0
Start importing Assets/Simple Vector Icons/128px/UI_Icon_Select.png using Guid(c347ee72b1c784837909a26d0406a62f) Importer(815301076,1909f56bfc062723c751e8b465ee728b)  -> (artifact id: 'd243f07e893dceed6b0eeea8110e857a') in 0.037425 seconds 
Number of asset objects unloaded after import = 3
========================================================================
Received Import Request.
  Time since last request: 0.000030 seconds.
  path: Assets/Simple Vector Icons/128px/UI_Icon_Search.png
  artifactKey: Guid(d9914997ba1ab44a990257a3d7d89aea) Importer(815301076,1909f56bfc062723c751e8b465ee728b)
Number of updated assets reloaded before import = 0
Start importing Assets/Simple Vector Icons/128px/UI_Icon_Search.png using Guid(d9914997ba1ab44a990257a3d7d89aea) Importer(815301076,1909f56bfc062723c751e8b465ee728b)  -> (artifact id: 'e46d367499d43174e8d9c2585646a420') in 0.034518 seconds 
Number of asset objects unloaded after import = 3
========================================================================
Received Import Request.
  Time since last request: 0.000024 seconds.
  path: Assets/Simple Vector Icons/128px/UI_Icon_Shuffle.png
  artifactKey: Guid(3f57712944d7e481fa18d71303947180) Importer(815301076,1909f56bfc062723c751e8b465ee728b)
Number of updated assets reloaded before import = 0
Start importing Assets/Simple Vector Icons/128px/UI_Icon_Shuffle.png using Guid(3f57712944d7e481fa18d71303947180) Importer(815301076,1909f56bfc062723c751e8b465ee728b)  -> (artifact id: '719e16f752a857ce2e6effb9f7698eb1') in 0.027723 seconds 
Number of asset objects unloaded after import = 3
========================================================================
Received Import Request.
  Time since last request: 0.710321 seconds.
  path: Assets/Simple Vector Icons/128px/UI_Icon_Repeat.png
  artifactKey: Guid(73d574f6ca2c4458d9f9158186337d04) Importer(815301076,1909f56bfc062723c751e8b465ee728b)
Number of updated assets reloaded before import = 0
Start importing Assets/Simple Vector Icons/128px/UI_Icon_Repeat.png using Guid(73d574f6ca2c4458d9f9158186337d04) Importer(815301076,1909f56bfc062723c751e8b465ee728b)  -> (artifact id: '8510cfe0c8107ba46fe266cf0f972cd2') in 0.053499 seconds 
Number of asset objects unloaded after import = 3
========================================================================
Received Import Request.
  Time since last request: 0.000020 seconds.
  path: Assets/Simple Vector Icons/128px/UI_Icon_Ribbon.png
  artifactKey: Guid(047e94493db574308ab4da8b6e133d31) Importer(815301076,1909f56bfc062723c751e8b465ee728b)
Number of updated assets reloaded before import = 0
Start importing Assets/Simple Vector Icons/128px/UI_Icon_Ribbon.png using Guid(047e94493db574308ab4da8b6e133d31) Importer(815301076,1909f56bfc062723c751e8b465ee728b)  -> (artifact id: 'f958e1e084c7c34d161e53ac1bb43392') in 0.029474 seconds 
Number of asset objects unloaded after import = 3
========================================================================
Received Import Request.
  Time since last request: 0.000017 seconds.
  path: Assets/Simple Vector Icons/128px/UI_Icon_ReplyAll.png
  artifactKey: Guid(ffd6951ba07ab4a62869e06fc49d7c71) Importer(815301076,1909f56bfc062723c751e8b465ee728b)
Number of updated assets reloaded before import = 0
Start importing Assets/Simple Vector Icons/128px/UI_Icon_ReplyAll.png using Guid(ffd6951ba07ab4a62869e06fc49d7c71) Importer(815301076,1909f56bfc062723c751e8b465ee728b)  -> (artifact id: '67249d1b562cb32489aeefcd056bc567') in 0.040567 seconds 
Number of asset objects unloaded after import = 3
========================================================================
Received Import Request.
  Time since last request: 0.000019 seconds.
  path: Assets/Simple Vector Icons/128px/UI_Icon_Rewind.png
  artifactKey: Guid(667618814b2be41d881f554cad746e24) Importer(815301076,1909f56bfc062723c751e8b465ee728b)
Number of updated assets reloaded before import = 0
Start importing Assets/Simple Vector Icons/128px/UI_Icon_Rewind.png using Guid(667618814b2be41d881f554cad746e24) Importer(815301076,1909f56bfc062723c751e8b465ee728b)  -> (artifact id: '1929c7811a21e9fa8a5f53de327ee25e') in 0.040443 seconds 
Number of asset objects unloaded after import = 3
========================================================================
Received Import Request.
  Time since last request: 0.000029 seconds.
  path: Assets/Simple Vector Icons/128px/UI_Icon_Puzzle.png
  artifactKey: Guid(915ae6980d2ec4823a778d7e704046f8) Importer(815301076,1909f56bfc062723c751e8b465ee728b)
Number of updated assets reloaded before import = 0
Start importing Assets/Simple Vector Icons/128px/UI_Icon_Puzzle.png using Guid(915ae6980d2ec4823a778d7e704046f8) Importer(815301076,1909f56bfc062723c751e8b465ee728b)  -> (artifact id: '3204495d0c69938d3d4164972f2f88d6') in 0.033236 seconds 
Number of asset objects unloaded after import = 3
========================================================================
Received Import Request.
  Time since last request: 0.000029 seconds.
  path: Assets/Simple Vector Icons/128px/UI_Icon_Plus.png
  artifactKey: Guid(c5c6e3500fa054255bdfe99e89c8169b) Importer(815301076,1909f56bfc062723c751e8b465ee728b)
Number of updated assets reloaded before import = 0
Start importing Assets/Simple Vector Icons/128px/UI_Icon_Plus.png using Guid(c5c6e3500fa054255bdfe99e89c8169b) Importer(815301076,1909f56bfc062723c751e8b465ee728b)  -> (artifact id: '153a6eff58673f7ed8a22a1f111a6124') in 0.030205 seconds 
Number of asset objects unloaded after import = 3
========================================================================
Received Import Request.
  Time since last request: 0.000023 seconds.
  path: Assets/Simple Vector Icons/128px/UI_Icon_Rainstorm.png
  artifactKey: Guid(bdf5a9763f1e24666870c493991e39dd) Importer(815301076,1909f56bfc062723c751e8b465ee728b)
Number of updated assets reloaded before import = 0
Start importing Assets/Simple Vector Icons/128px/UI_Icon_Rainstorm.png using Guid(bdf5a9763f1e24666870c493991e39dd) Importer(815301076,1909f56bfc062723c751e8b465ee728b)  -> (artifact id: '276da17b683f9671ac1a0010ab207e3c') in 0.028323 seconds 
Number of asset objects unloaded after import = 3
========================================================================
Received Import Request.
  Time since last request: 0.000024 seconds.
  path: Assets/Simple Vector Icons/128px/UI_Icon_Receipt.png
  artifactKey: Guid(05b1b97442d4e467bacc0c386f33ae7f) Importer(815301076,1909f56bfc062723c751e8b465ee728b)
Number of updated assets reloaded before import = 0
Start importing Assets/Simple Vector Icons/128px/UI_Icon_Receipt.png using Guid(05b1b97442d4e467bacc0c386f33ae7f) Importer(815301076,1909f56bfc062723c751e8b465ee728b)  -> (artifact id: '37677fecbd629b9cf281643ded89407f') in 0.028876 seconds 
Number of asset objects unloaded after import = 3
========================================================================
Received Import Request.
  Time since last request: 42.311400 seconds.
  path: Assets/Simple Vector Icons/128px/UI_Icon_OnOff.png
  artifactKey: Guid(2cb4d44ad329141c5977fa32a3c5b75d) Importer(815301076,1909f56bfc062723c751e8b465ee728b)
Number of updated assets reloaded before import = 0
Start importing Assets/Simple Vector Icons/128px/UI_Icon_OnOff.png using Guid(2cb4d44ad329141c5977fa32a3c5b75d) Importer(815301076,1909f56bfc062723c751e8b465ee728b)  -> (artifact id: 'c3465f1ed74182c7838960f67bc9e4c1') in 0.029358 seconds 
Number of asset objects unloaded after import = 3
========================================================================
Received Import Request.
  Time since last request: 0.000022 seconds.
  path: Assets/Simple Vector Icons/128px/UI_Icon_Paw.png
  artifactKey: Guid(78799f9d9876142c0a2d3130c9c9c119) Importer(815301076,1909f56bfc062723c751e8b465ee728b)
Number of updated assets reloaded before import = 0
Start importing Assets/Simple Vector Icons/128px/UI_Icon_Paw.png using Guid(78799f9d9876142c0a2d3130c9c9c119) Importer(815301076,1909f56bfc062723c751e8b465ee728b)  -> (artifact id: 'b68b5a7bb201f170fa846e19958412ce') in 0.037384 seconds 
Number of asset objects unloaded after import = 3
========================================================================
Received Import Request.
  Time since last request: 0.000020 seconds.
  path: Assets/Simple Vector Icons/128px/UI_Icon_Pause.png
  artifactKey: Guid(ffe35a6f6f74c4bcdb3865e2a16f0bce) Importer(815301076,1909f56bfc062723c751e8b465ee728b)
Number of updated assets reloaded before import = 0
Start importing Assets/Simple Vector Icons/128px/UI_Icon_Pause.png using Guid(ffe35a6f6f74c4bcdb3865e2a16f0bce) Importer(815301076,1909f56bfc062723c751e8b465ee728b)  -> (artifact id: '1545b1e3995bed1880c2353b6a15da62') in 0.025900 seconds 
Number of asset objects unloaded after import = 3
========================================================================
Received Import Request.
  Time since last request: 0.000042 seconds.
  path: Assets/Simple Vector Icons/128px/UI_Icon_Pen1.png
  artifactKey: Guid(63bde9af3d0b94a54b666ab7d1336862) Importer(815301076,1909f56bfc062723c751e8b465ee728b)
Number of updated assets reloaded before import = 0
Start importing Assets/Simple Vector Icons/128px/UI_Icon_Pen1.png using Guid(63bde9af3d0b94a54b666ab7d1336862) Importer(815301076,1909f56bfc062723c751e8b465ee728b)  -> (artifact id: '3e4ad8fbe43adac8642fb9f60958b6ef') in 0.033031 seconds 
Number of asset objects unloaded after import = 3
========================================================================
Received Import Request.
  Time since last request: 0.526572 seconds.
  path: Assets/Simple Vector Icons/128px/UI_Icon_Meeple.png
  artifactKey: Guid(4d4bedfa93044434da84355cdc20b18d) Importer(815301076,1909f56bfc062723c751e8b465ee728b)
Number of updated assets reloaded before import = 0
Start importing Assets/Simple Vector Icons/128px/UI_Icon_Meeple.png using Guid(4d4bedfa93044434da84355cdc20b18d) Importer(815301076,1909f56bfc062723c751e8b465ee728b)  -> (artifact id: '9ec63c182eec227327ed597ed97c4ddf') in 0.052151 seconds 
Number of asset objects unloaded after import = 3
========================================================================
Received Import Request.
  Time since last request: 0.000035 seconds.
  path: Assets/Simple Vector Icons/128px/UI_Icon_MicOn.png
  artifactKey: Guid(910333d46fd434a2fbe6e14fb14ba4d7) Importer(815301076,1909f56bfc062723c751e8b465ee728b)
Number of updated assets reloaded before import = 0
Start importing Assets/Simple Vector Icons/128px/UI_Icon_MicOn.png using Guid(910333d46fd434a2fbe6e14fb14ba4d7) Importer(815301076,1909f56bfc062723c751e8b465ee728b)  -> (artifact id: 'd63db763d466a94ba49ae17422a78c09') in 0.034536 seconds 
Number of asset objects unloaded after import = 3
========================================================================
Received Import Request.
  Time since last request: 0.000034 seconds.
  path: Assets/Simple Vector Icons/128px/UI_Icon_MultiPlayer.png
  artifactKey: Guid(7579ed3937b3e4b34be90a81c510ef16) Importer(815301076,1909f56bfc062723c751e8b465ee728b)
Number of updated assets reloaded before import = 0
Start importing Assets/Simple Vector Icons/128px/UI_Icon_MultiPlayer.png using Guid(7579ed3937b3e4b34be90a81c510ef16) Importer(815301076,1909f56bfc062723c751e8b465ee728b)  -> (artifact id: 'bf1a53670a691a996101c6bc6720c614') in 0.041812 seconds 
Number of asset objects unloaded after import = 3
========================================================================
Received Import Request.
  Time since last request: 0.000032 seconds.
  path: Assets/Simple Vector Icons/128px/UI_Icon_Moon.png
  artifactKey: Guid(66ce96271f9ff46b89072e14a0c58b8b) Importer(815301076,1909f56bfc062723c751e8b465ee728b)
Number of updated assets reloaded before import = 0
Start importing Assets/Simple Vector Icons/128px/UI_Icon_Moon.png using Guid(66ce96271f9ff46b89072e14a0c58b8b) Importer(815301076,1909f56bfc062723c751e8b465ee728b)  -> (artifact id: 'eea41eb1485631f47dfb700d7937f66d') in 0.027736 seconds 
Number of asset objects unloaded after import = 3
========================================================================
Received Import Request.
  Time since last request: 0.028545 seconds.
  path: Assets/Simple Vector Icons/128px/UI_Icon_LightbulbOff.png
  artifactKey: Guid(18aa07e5a100a4d4688eeb5735422d01) Importer(815301076,1909f56bfc062723c751e8b465ee728b)
Number of updated assets reloaded before import = 0
Start importing Assets/Simple Vector Icons/128px/UI_Icon_LightbulbOff.png using Guid(18aa07e5a100a4d4688eeb5735422d01) Importer(815301076,1909f56bfc062723c751e8b465ee728b)  -> (artifact id: 'c989bda8d60826f8dccbc2010e71f60e') in 0.031863 seconds 
Number of asset objects unloaded after import = 3
========================================================================
Received Import Request.
  Time since last request: 0.000019 seconds.
  path: Assets/Simple Vector Icons/128px/UI_Icon_List.png
  artifactKey: Guid(717fb9805810f437bb9708e0f0e2976b) Importer(815301076,1909f56bfc062723c751e8b465ee728b)
Number of updated assets reloaded before import = 0
Start importing Assets/Simple Vector Icons/128px/UI_Icon_List.png using Guid(717fb9805810f437bb9708e0f0e2976b) Importer(815301076,1909f56bfc062723c751e8b465ee728b)  -> (artifact id: '254f1ac65b60e4924c86304d0b2cf509') in 0.025846 seconds 
Number of asset objects unloaded after import = 3
========================================================================
Received Import Request.
  Time since last request: 0.000024 seconds.
  path: Assets/Simple Vector Icons/128px/UI_Icon_InvGloves.png
  artifactKey: Guid(c12928d4353164f7a88e5edd5d8f5d36) Importer(815301076,1909f56bfc062723c751e8b465ee728b)
Number of updated assets reloaded before import = 0
Start importing Assets/Simple Vector Icons/128px/UI_Icon_InvGloves.png using Guid(c12928d4353164f7a88e5edd5d8f5d36) Importer(815301076,1909f56bfc062723c751e8b465ee728b)  -> (artifact id: '0211f8e9e941da081f699fa8a8464f71') in 0.032176 seconds 
Number of asset objects unloaded after import = 3
========================================================================
Received Import Request.
  Time since last request: 0.000018 seconds.
  path: Assets/Simple Vector Icons/128px/UI_Icon_InvPotion.png
  artifactKey: Guid(6a298ec7a063a48249dbf9c592cf902a) Importer(815301076,1909f56bfc062723c751e8b465ee728b)
Number of updated assets reloaded before import = 0
Start importing Assets/Simple Vector Icons/128px/UI_Icon_InvPotion.png using Guid(6a298ec7a063a48249dbf9c592cf902a) Importer(815301076,1909f56bfc062723c751e8b465ee728b)  -> (artifact id: '25d313b6095bd889469c9af865d690fd') in 0.036522 seconds 
Number of asset objects unloaded after import = 3
========================================================================
Received Import Request.
  Time since last request: 0.000023 seconds.
  path: Assets/Simple Vector Icons/128px/UI_Icon_Location.png
  artifactKey: Guid(0dfdbeec451f8493e9c4b01f0161929e) Importer(815301076,1909f56bfc062723c751e8b465ee728b)
Number of updated assets reloaded before import = 0
Start importing Assets/Simple Vector Icons/128px/UI_Icon_Location.png using Guid(0dfdbeec451f8493e9c4b01f0161929e) Importer(815301076,1909f56bfc062723c751e8b465ee728b)  -> (artifact id: 'c1ed5cf1187647c099285f6de47c4973') in 0.026111 seconds 
Number of asset objects unloaded after import = 3
========================================================================
Received Import Request.
  Time since last request: 0.000031 seconds.
  path: Assets/Simple Vector Icons/128px/UI_Icon_InvBoots.png
  artifactKey: Guid(f0394939e473a419b9b647625315fe3c) Importer(815301076,1909f56bfc062723c751e8b465ee728b)
Number of updated assets reloaded before import = 0
Start importing Assets/Simple Vector Icons/128px/UI_Icon_InvBoots.png using Guid(f0394939e473a419b9b647625315fe3c) Importer(815301076,1909f56bfc062723c751e8b465ee728b)  -> (artifact id: 'abfc298a365cb8159c20dc3370846989') in 0.032303 seconds 
Number of asset objects unloaded after import = 3
========================================================================
Received Import Request.
  Time since last request: 0.000045 seconds.
  path: Assets/Simple Vector Icons/128px/UI_Icon_MailRead.png
  artifactKey: Guid(4a8408255268744e0b831fb60d7d8025) Importer(815301076,1909f56bfc062723c751e8b465ee728b)
Number of updated assets reloaded before import = 0
Start importing Assets/Simple Vector Icons/128px/UI_Icon_MailRead.png using Guid(4a8408255268744e0b831fb60d7d8025) Importer(815301076,1909f56bfc062723c751e8b465ee728b)  -> (artifact id: '5c7399a69493483e8c1cbec33c875225') in 0.031485 seconds 
Number of asset objects unloaded after import = 3
========================================================================
Received Import Request.
  Time since last request: 0.000022 seconds.
  path: Assets/Simple Vector Icons/128px/UI_Icon_Invisible.png
  artifactKey: Guid(e14e750b667084d7484ce61a29208419) Importer(815301076,1909f56bfc062723c751e8b465ee728b)
Number of updated assets reloaded before import = 0
Start importing Assets/Simple Vector Icons/128px/UI_Icon_Invisible.png using Guid(e14e750b667084d7484ce61a29208419) Importer(815301076,1909f56bfc062723c751e8b465ee728b)  -> (artifact id: '3c7f66ddb95ef3472bde6891d1080fc0') in 0.027304 seconds 
Number of asset objects unloaded after import = 3
========================================================================
Received Import Request.
  Time since last request: 0.687626 seconds.
  path: Assets/Simple Vector Icons/128px/UI_Icon_Hierarchy.png
  artifactKey: Guid(05f1689d2bd6643ebb0930a1d4c0f2a6) Importer(815301076,1909f56bfc062723c751e8b465ee728b)
Number of updated assets reloaded before import = 0
Start importing Assets/Simple Vector Icons/128px/UI_Icon_Hierarchy.png using Guid(05f1689d2bd6643ebb0930a1d4c0f2a6) Importer(815301076,1909f56bfc062723c751e8b465ee728b)  -> (artifact id: '19d419e5049eace7a64d1206c06951ee') in 0.040436 seconds 
Number of asset objects unloaded after import = 3
========================================================================
Received Import Request.
  Time since last request: 0.000038 seconds.
  path: Assets/Simple Vector Icons/128px/UI_Icon_History.png
  artifactKey: Guid(caa5832fa36824340a7f532f40e38aa1) Importer(815301076,1909f56bfc062723c751e8b465ee728b)
Number of updated assets reloaded before import = 0
Start importing Assets/Simple Vector Icons/128px/UI_Icon_History.png using Guid(caa5832fa36824340a7f532f40e38aa1) Importer(815301076,1909f56bfc062723c751e8b465ee728b)  -> (artifact id: '68c60826b8bb6082686805ff11ebd0bb') in 0.043340 seconds 
Number of asset objects unloaded after import = 3
========================================================================
Received Import Request.
  Time since last request: 0.000023 seconds.
  path: Assets/Simple Vector Icons/128px/UI_Icon_InputController.png
  artifactKey: Guid(fb441c66c88e7484ba1b7761537c5cea) Importer(815301076,1909f56bfc062723c751e8b465ee728b)
Number of updated assets reloaded before import = 0
Start importing Assets/Simple Vector Icons/128px/UI_Icon_InputController.png using Guid(fb441c66c88e7484ba1b7761537c5cea) Importer(815301076,1909f56bfc062723c751e8b465ee728b)  -> (artifact id: '7add901dc1ab23c15b4dc94b9f2438c8') in 0.038362 seconds 
Number of asset objects unloaded after import = 3
========================================================================
Received Import Request.
  Time since last request: 0.000029 seconds.
  path: Assets/Simple Vector Icons/128px/UI_Icon_Inbox.png
  artifactKey: Guid(d715b03a1d12547aca3763aff46a6019) Importer(815301076,1909f56bfc062723c751e8b465ee728b)
Number of updated assets reloaded before import = 0
Start importing Assets/Simple Vector Icons/128px/UI_Icon_Inbox.png using Guid(d715b03a1d12547aca3763aff46a6019) Importer(815301076,1909f56bfc062723c751e8b465ee728b)  -> (artifact id: 'c7764c753fa5991a5f48740d15b0f4b7') in 0.030406 seconds 
Number of asset objects unloaded after import = 3
========================================================================
Received Import Request.
  Time since last request: 0.167298 seconds.
  path: Assets/Simple Vector Icons/128px/UI_Icon_GenderFemale2.png
  artifactKey: Guid(b00d10af9bf074ed99ced4a2ac5682d5) Importer(815301076,1909f56bfc062723c751e8b465ee728b)
Number of updated assets reloaded before import = 0
Start importing Assets/Simple Vector Icons/128px/UI_Icon_GenderFemale2.png using Guid(b00d10af9bf074ed99ced4a2ac5682d5) Importer(815301076,1909f56bfc062723c751e8b465ee728b)  -> (artifact id: 'c8b6776c3d08752f57237804ff82acc9') in 0.047505 seconds 
Number of asset objects unloaded after import = 3
========================================================================
Received Import Request.
  Time since last request: 0.000041 seconds.
  path: Assets/Simple Vector Icons/128px/UI_Icon_GenderMale1.png
  artifactKey: Guid(fcbd5546d22624942aeb53362cfd8c98) Importer(815301076,1909f56bfc062723c751e8b465ee728b)
Number of updated assets reloaded before import = 0
Start importing Assets/Simple Vector Icons/128px/UI_Icon_GenderMale1.png using Guid(fcbd5546d22624942aeb53362cfd8c98) Importer(815301076,1909f56bfc062723c751e8b465ee728b)  -> (artifact id: '111c4705b844738297cfa0f369555d5a') in 0.042845 seconds 
Number of asset objects unloaded after import = 3
========================================================================
Received Import Request.
  Time since last request: 0.000041 seconds.
  path: Assets/Simple Vector Icons/128px/UI_Icon_Gift.png
  artifactKey: Guid(a4c70a25dc3144ee1b1bd029cc5c8b69) Importer(815301076,1909f56bfc062723c751e8b465ee728b)
Number of updated assets reloaded before import = 0
Start importing Assets/Simple Vector Icons/128px/UI_Icon_Gift.png using Guid(a4c70a25dc3144ee1b1bd029cc5c8b69) Importer(815301076,1909f56bfc062723c751e8b465ee728b)  -> (artifact id: '5dbbafa88f88fa45b79dd29d0163dfb9') in 0.026187 seconds 
Number of asset objects unloaded after import = 3
========================================================================
Received Import Request.
  Time since last request: 0.000019 seconds.
  path: Assets/Simple Vector Icons/128px/UI_Icon_Globe.png
  artifactKey: Guid(8c23741f9b26445f79736bef444e22bd) Importer(815301076,1909f56bfc062723c751e8b465ee728b)
Number of updated assets reloaded before import = 0
Start importing Assets/Simple Vector Icons/128px/UI_Icon_Globe.png using Guid(8c23741f9b26445f79736bef444e22bd) Importer(815301076,1909f56bfc062723c751e8b465ee728b)  -> (artifact id: '68d6f87d320fa9013d24e706c4f2a1c4') in 0.029210 seconds 
Number of asset objects unloaded after import = 3
========================================================================
Received Import Request.
  Time since last request: 0.826304 seconds.
  path: Assets/Simple Vector Icons/128px/UI_Icon_Film.png
  artifactKey: Guid(25ca8c18efaec45ddb578c217fe7f234) Importer(815301076,1909f56bfc062723c751e8b465ee728b)
Number of updated assets reloaded before import = 0
Start importing Assets/Simple Vector Icons/128px/UI_Icon_Film.png using Guid(25ca8c18efaec45ddb578c217fe7f234) Importer(815301076,1909f56bfc062723c751e8b465ee728b)  -> (artifact id: '110eb86c61887bc9ee2497cd09955835') in 0.031589 seconds 
Number of asset objects unloaded after import = 3
========================================================================
Received Import Request.
  Time since last request: 0.000032 seconds.
  path: Assets/Simple Vector Icons/128px/UI_Icon_Filter.png
  artifactKey: Guid(9aad0c4406faf4f88965a56d8a64a138) Importer(815301076,1909f56bfc062723c751e8b465ee728b)
Number of updated assets reloaded before import = 0
Start importing Assets/Simple Vector Icons/128px/UI_Icon_Filter.png using Guid(9aad0c4406faf4f88965a56d8a64a138) Importer(815301076,1909f56bfc062723c751e8b465ee728b)  -> (artifact id: 'dc02fbe659dad671023e361ca9afa050') in 0.039373 seconds 
Number of asset objects unloaded after import = 3
========================================================================
Received Import Request.
  Time since last request: 0.000019 seconds.
  path: Assets/Simple Vector Icons/128px/UI_Icon_FilmPlay.png
  artifactKey: Guid(fa4a24d48d6e840c782f25f5243717cc) Importer(815301076,1909f56bfc062723c751e8b465ee728b)
Number of updated assets reloaded before import = 0
Start importing Assets/Simple Vector Icons/128px/UI_Icon_FilmPlay.png using Guid(fa4a24d48d6e840c782f25f5243717cc) Importer(815301076,1909f56bfc062723c751e8b465ee728b)  -> (artifact id: 'ba69e677f0343307b1d083abcd698095') in 0.027641 seconds 
Number of asset objects unloaded after import = 3
========================================================================
Received Import Request.
  Time since last request: 0.000038 seconds.
  path: Assets/Simple Vector Icons/128px/UI_Icon_Gauge.png
  artifactKey: Guid(d5d226a01fed6493a91c9558df8f3571) Importer(815301076,1909f56bfc062723c751e8b465ee728b)
Number of updated assets reloaded before import = 0
Start importing Assets/Simple Vector Icons/128px/UI_Icon_Gauge.png using Guid(d5d226a01fed6493a91c9558df8f3571) Importer(815301076,1909f56bfc062723c751e8b465ee728b)  -> (artifact id: 'e0e16b190a57c5a4484d956a1016a039') in 0.036565 seconds 
Number of asset objects unloaded after import = 3
========================================================================
Received Import Request.
  Time since last request: 0.207857 seconds.
  path: Assets/Simple Vector Icons/128px/UI_Icon_Exit.png
  artifactKey: Guid(00b6c5e920e3a4240bb743a6a8746424) Importer(815301076,1909f56bfc062723c751e8b465ee728b)
Number of updated assets reloaded before import = 0
Start importing Assets/Simple Vector Icons/128px/UI_Icon_Exit.png using Guid(00b6c5e920e3a4240bb743a6a8746424) Importer(815301076,1909f56bfc062723c751e8b465ee728b)  -> (artifact id: 'c360ea74e2140de904476af5c37de379') in 0.042258 seconds 
Number of asset objects unloaded after import = 3
========================================================================
Received Import Request.
  Time since last request: 0.000041 seconds.
  path: Assets/Simple Vector Icons/128px/UI_Icon_FaithJudaism.png
  artifactKey: Guid(125c3f0e17dae4dcab945becb563ad7e) Importer(815301076,1909f56bfc062723c751e8b465ee728b)
Number of updated assets reloaded before import = 0
Start importing Assets/Simple Vector Icons/128px/UI_Icon_FaithJudaism.png using Guid(125c3f0e17dae4dcab945becb563ad7e) Importer(815301076,1909f56bfc062723c751e8b465ee728b)  -> (artifact id: '2cfec24ae31d610218ad7595839ee79f') in 0.045123 seconds 
Number of asset objects unloaded after import = 3
========================================================================
Received Import Request.
  Time since last request: 0.000031 seconds.
  path: Assets/Simple Vector Icons/128px/UI_Icon_FileFolder.png
  artifactKey: Guid(1c705174e04764adcb0dc591209473c5) Importer(815301076,1909f56bfc062723c751e8b465ee728b)
Number of updated assets reloaded before import = 0
Start importing Assets/Simple Vector Icons/128px/UI_Icon_FileFolder.png using Guid(1c705174e04764adcb0dc591209473c5) Importer(815301076,1909f56bfc062723c751e8b465ee728b)  -> (artifact id: '0d17fa57287bfe041071ac34609452cc') in 0.037698 seconds 
Number of asset objects unloaded after import = 3
========================================================================
Received Import Request.
  Time since last request: 0.000028 seconds.
  path: Assets/Simple Vector Icons/128px/UI_Icon_FileCut.png
  artifactKey: Guid(dd5ec4382d6ab474d9d90620c1cfe2da) Importer(815301076,1909f56bfc062723c751e8b465ee728b)
Number of updated assets reloaded before import = 0
Start importing Assets/Simple Vector Icons/128px/UI_Icon_FileCut.png using Guid(dd5ec4382d6ab474d9d90620c1cfe2da) Importer(815301076,1909f56bfc062723c751e8b465ee728b)  -> (artifact id: 'f0521b97e5a1edfd28834f9b8f1612d8') in 0.026043 seconds 
Number of asset objects unloaded after import = 3
========================================================================
Received Import Request.
  Time since last request: 0.536963 seconds.
  path: Assets/Simple Vector Icons/128px/UI_Icon_Dice1.png
  artifactKey: Guid(ee02bae7c45964618a46807a0b5e5793) Importer(815301076,1909f56bfc062723c751e8b465ee728b)
Number of updated assets reloaded before import = 0
Start importing Assets/Simple Vector Icons/128px/UI_Icon_Dice1.png using Guid(ee02bae7c45964618a46807a0b5e5793) Importer(815301076,1909f56bfc062723c751e8b465ee728b)  -> (artifact id: '12bd9c549a8cdf17913f61df913752c3') in 0.058147 seconds 
Number of asset objects unloaded after import = 3
========================================================================
Received Import Request.
  Time since last request: 0.000035 seconds.
  path: Assets/Simple Vector Icons/128px/UI_Icon_Eat.png
  artifactKey: Guid(ebb3913e9abbc40dbbd70b470f465ce0) Importer(815301076,1909f56bfc062723c751e8b465ee728b)
Number of updated assets reloaded before import = 0
Start importing Assets/Simple Vector Icons/128px/UI_Icon_Eat.png using Guid(ebb3913e9abbc40dbbd70b470f465ce0) Importer(815301076,1909f56bfc062723c751e8b465ee728b)  -> (artifact id: 'c6af14fee6ca5e5bcad307dcf9857402') in 0.039306 seconds 
Number of asset objects unloaded after import = 3
========================================================================
Received Import Request.
  Time since last request: 0.000041 seconds.
  path: Assets/Simple Vector Icons/128px/UI_Icon_Dice5.png
  artifactKey: Guid(8e93e05eccce04e0ab0bc187b3f0ff30) Importer(815301076,1909f56bfc062723c751e8b465ee728b)
Number of updated assets reloaded before import = 0
Start importing Assets/Simple Vector Icons/128px/UI_Icon_Dice5.png using Guid(8e93e05eccce04e0ab0bc187b3f0ff30) Importer(815301076,1909f56bfc062723c751e8b465ee728b)  -> (artifact id: '90ed379933cf0123424dadc4bfd15e5e') in 0.026912 seconds 
Number of asset objects unloaded after import = 3
========================================================================
Received Import Request.
  Time since last request: 0.000020 seconds.
  path: Assets/Simple Vector Icons/128px/UI_Icon_Edit.png
  artifactKey: Guid(8e692cf1c9c5c40f68156a87eba5ba32) Importer(815301076,1909f56bfc062723c751e8b465ee728b)
Number of updated assets reloaded before import = 0
Start importing Assets/Simple Vector Icons/128px/UI_Icon_Edit.png using Guid(8e692cf1c9c5c40f68156a87eba5ba32) Importer(815301076,1909f56bfc062723c751e8b465ee728b)  -> (artifact id: '143dfcbeb9b9b94e98b20c01971a6a44') in 0.041849 seconds 
Number of asset objects unloaded after import = 3
========================================================================
Received Import Request.
  Time since last request: 0.047648 seconds.
  path: Assets/Simple Vector Icons/128px/UI_Icon_CurrencyDollar.png
  artifactKey: Guid(d849ce2be36c3410387f5015c6dc0ae1) Importer(815301076,1909f56bfc062723c751e8b465ee728b)
Number of updated assets reloaded before import = 0
Start importing Assets/Simple Vector Icons/128px/UI_Icon_CurrencyDollar.png using Guid(d849ce2be36c3410387f5015c6dc0ae1) Importer(815301076,1909f56bfc062723c751e8b465ee728b)  -> (artifact id: '1b8111254f675f4ef3912d88e38f0231') in 0.036306 seconds 
Number of asset objects unloaded after import = 3
========================================================================
Received Import Request.
  Time since last request: 0.000017 seconds.
  path: Assets/Simple Vector Icons/128px/UI_Icon_CurrencyWon.png
  artifactKey: Guid(5b49161fd8a874b6786336434ab9716a) Importer(815301076,1909f56bfc062723c751e8b465ee728b)
Number of updated assets reloaded before import = 0
Start importing Assets/Simple Vector Icons/128px/UI_Icon_CurrencyWon.png using Guid(5b49161fd8a874b6786336434ab9716a) Importer(815301076,1909f56bfc062723c751e8b465ee728b)  -> (artifact id: 'de73c0693630bbe23a2a344cb841fc83') in 0.045449 seconds 
Number of asset objects unloaded after import = 3
========================================================================
Received Import Request.
  Time since last request: 0.000025 seconds.
  path: Assets/Simple Vector Icons/128px/UI_Icon_Delete.png
  artifactKey: Guid(fc97fc8801d5845a2bc14d433f579286) Importer(815301076,1909f56bfc062723c751e8b465ee728b)
Number of updated assets reloaded before import = 0
Start importing Assets/Simple Vector Icons/128px/UI_Icon_Delete.png using Guid(fc97fc8801d5845a2bc14d433f579286) Importer(815301076,1909f56bfc062723c751e8b465ee728b)  -> (artifact id: 'a6117655cff6c9ade37f03ca7f47d5bb') in 0.023603 seconds 
Number of asset objects unloaded after import = 3
========================================================================
Received Import Request.
  Time since last request: 0.000030 seconds.
  path: Assets/Simple Vector Icons/128px/UI_Icon_Database.png
  artifactKey: Guid(46b7d67f81d57419b854a7a4fd931e86) Importer(815301076,1909f56bfc062723c751e8b465ee728b)
Number of updated assets reloaded before import = 0
Start importing Assets/Simple Vector Icons/128px/UI_Icon_Database.png using Guid(46b7d67f81d57419b854a7a4fd931e86) Importer(815301076,1909f56bfc062723c751e8b465ee728b)  -> (artifact id: '83e960a5b5e1ab9d84fa0b20786778f8') in 0.037178 seconds 
Number of asset objects unloaded after import = 3
========================================================================
Received Import Request.
  Time since last request: 0.432231 seconds.
  path: Assets/Simple Vector Icons/128px/UI_Icon_Cloud.png
  artifactKey: Guid(3d268a50df5514f6d84b4c88dce567ae) Importer(815301076,1909f56bfc062723c751e8b465ee728b)
Number of updated assets reloaded before import = 0
Start importing Assets/Simple Vector Icons/128px/UI_Icon_Cloud.png using Guid(3d268a50df5514f6d84b4c88dce567ae) Importer(815301076,1909f56bfc062723c751e8b465ee728b)  -> (artifact id: 'f456ed322ea931fb54953e99b024ad78') in 0.048825 seconds 
Number of asset objects unloaded after import = 3
========================================================================
Received Import Request.
  Time since last request: 0.000034 seconds.
  path: Assets/Simple Vector Icons/128px/UI_Icon_ColorPalette.png
  artifactKey: Guid(7b5397ea411b0494182c2d2f8cbeea63) Importer(815301076,1909f56bfc062723c751e8b465ee728b)
Number of updated assets reloaded before import = 0
Start importing Assets/Simple Vector Icons/128px/UI_Icon_ColorPalette.png using Guid(7b5397ea411b0494182c2d2f8cbeea63) Importer(815301076,1909f56bfc062723c751e8b465ee728b)  -> (artifact id: '65ada3b2645862898c2a81978a0ca87b') in 0.035408 seconds 
Number of asset objects unloaded after import = 3
========================================================================
Received Import Request.
  Time since last request: 0.000035 seconds.
  path: Assets/Simple Vector Icons/128px/UI_Icon_Coffee.png
  artifactKey: Guid(6970f11f546a4446a9dde7d8e218275b) Importer(815301076,1909f56bfc062723c751e8b465ee728b)
Number of updated assets reloaded before import = 0
Start importing Assets/Simple Vector Icons/128px/UI_Icon_Coffee.png using Guid(6970f11f546a4446a9dde7d8e218275b) Importer(815301076,1909f56bfc062723c751e8b465ee728b)  -> (artifact id: '45be84c040ffff21b5dc369924370e4b') in 0.037821 seconds 
Number of asset objects unloaded after import = 3
========================================================================
Received Import Request.
  Time since last request: 0.000037 seconds.
  path: Assets/Simple Vector Icons/128px/UI_Icon_Community.png
  artifactKey: Guid(3a3c89dd0e78141c7af31f53a3a3e8fd) Importer(815301076,1909f56bfc062723c751e8b465ee728b)
Number of updated assets reloaded before import = 0
Start importing Assets/Simple Vector Icons/128px/UI_Icon_Community.png using Guid(3a3c89dd0e78141c7af31f53a3a3e8fd) Importer(815301076,1909f56bfc062723c751e8b465ee728b)  -> (artifact id: '9f41f20d6ab8f10979199bf40b9e2962') in 0.025905 seconds 
Number of asset objects unloaded after import = 3
========================================================================
Received Import Request.
  Time since last request: 0.000021 seconds.
  path: Assets/Simple Vector Icons/128px/UI_Icon_Chat.png
  artifactKey: Guid(52f5bc66de7c642e9b8f3cb86bf37737) Importer(815301076,1909f56bfc062723c751e8b465ee728b)
Number of updated assets reloaded before import = 0
Start importing Assets/Simple Vector Icons/128px/UI_Icon_Chat.png using Guid(52f5bc66de7c642e9b8f3cb86bf37737) Importer(815301076,1909f56bfc062723c751e8b465ee728b)  -> (artifact id: 'e4947963e5ac4f0ee2254384d773cd15') in 0.024289 seconds 
Number of asset objects unloaded after import = 3
========================================================================
Received Import Request.
  Time since last request: 0.000028 seconds.
  path: Assets/Simple Vector Icons/128px/UI_Icon_CalendarWeek.png
  artifactKey: Guid(0928f0ae3e18540a0a27e8b9cf435ea5) Importer(815301076,1909f56bfc062723c751e8b465ee728b)
Number of updated assets reloaded before import = 0
Start importing Assets/Simple Vector Icons/128px/UI_Icon_CalendarWeek.png using Guid(0928f0ae3e18540a0a27e8b9cf435ea5) Importer(815301076,1909f56bfc062723c751e8b465ee728b)  -> (artifact id: '90ed93ab25b49bf05521eaf01783f2a0') in 0.032978 seconds 
Number of asset objects unloaded after import = 3
========================================================================
Received Import Request.
  Time since last request: 0.000030 seconds.
  path: Assets/Simple Vector Icons/128px/UI_Icon_CardDiamonds.png
  artifactKey: Guid(c9813477ee5db4bbe836e5ae652aa4ce) Importer(815301076,1909f56bfc062723c751e8b465ee728b)
Number of updated assets reloaded before import = 0
Start importing Assets/Simple Vector Icons/128px/UI_Icon_CardDiamonds.png using Guid(c9813477ee5db4bbe836e5ae652aa4ce) Importer(815301076,1909f56bfc062723c751e8b465ee728b)  -> (artifact id: 'b3a7ba54ae89b4c080cd83385f3df8e0') in 0.031112 seconds 
Number of asset objects unloaded after import = 3
========================================================================
Received Import Request.
  Time since last request: 0.000024 seconds.
  path: Assets/Simple Vector Icons/128px/UI_Icon_Camera.png
  artifactKey: Guid(63ade2d475a22466d9780cf31330257a) Importer(815301076,1909f56bfc062723c751e8b465ee728b)
Number of updated assets reloaded before import = 0
Start importing Assets/Simple Vector Icons/128px/UI_Icon_Camera.png using Guid(63ade2d475a22466d9780cf31330257a) Importer(815301076,1909f56bfc062723c751e8b465ee728b)  -> (artifact id: '559de29c19672a1f633b8f16de154fe8') in 0.049688 seconds 
Number of asset objects unloaded after import = 3
========================================================================
Received Import Request.
  Time since last request: 0.479897 seconds.
  path: Assets/Simple Vector Icons/128px/UI_Icon_BtnXboxBRound.png
  artifactKey: Guid(a0cbe9bf50e2943a39200fdfce6f781a) Importer(815301076,1909f56bfc062723c751e8b465ee728b)
Number of updated assets reloaded before import = 0
Start importing Assets/Simple Vector Icons/128px/UI_Icon_BtnXboxBRound.png using Guid(a0cbe9bf50e2943a39200fdfce6f781a) Importer(815301076,1909f56bfc062723c751e8b465ee728b)  -> (artifact id: '4e2d002a9d38985b09a72c588f1f14f5') in 0.053655 seconds 
Number of asset objects unloaded after import = 3
========================================================================
Received Import Request.
  Time since last request: 0.000051 seconds.
  path: Assets/Simple Vector Icons/128px/UI_Icon_CalendarConfirm.png
  artifactKey: Guid(7cc198d47e5754dccb3f5d616dddcdb4) Importer(815301076,1909f56bfc062723c751e8b465ee728b)
Number of updated assets reloaded before import = 0
Start importing Assets/Simple Vector Icons/128px/UI_Icon_CalendarConfirm.png using Guid(7cc198d47e5754dccb3f5d616dddcdb4) Importer(815301076,1909f56bfc062723c751e8b465ee728b)  -> (artifact id: '9088584e3bffa2b36ba3858f74dce78d') in 0.041715 seconds 
Number of asset objects unloaded after import = 3
========================================================================
Received Import Request.
  Time since last request: 0.000033 seconds.
  path: Assets/Simple Vector Icons/128px/UI_Icon_BtnXboxXRound.png
  artifactKey: Guid(642d09a20b5214044ac7c1bb56e271b6) Importer(815301076,1909f56bfc062723c751e8b465ee728b)
Number of updated assets reloaded before import = 0
Start importing Assets/Simple Vector Icons/128px/UI_Icon_BtnXboxXRound.png using Guid(642d09a20b5214044ac7c1bb56e271b6) Importer(815301076,1909f56bfc062723c751e8b465ee728b)  -> (artifact id: '14c8e875aef88ed2de2167df53af173a') in 0.032811 seconds 
Number of asset objects unloaded after import = 3
========================================================================
Received Import Request.
  Time since last request: 0.000022 seconds.
  path: Assets/Simple Vector Icons/128px/UI_Icon_BtnR1.png
  artifactKey: Guid(3e8ea8d6463464104a1b57d4a095b108) Importer(815301076,1909f56bfc062723c751e8b465ee728b)
Number of updated assets reloaded before import = 0
Start importing Assets/Simple Vector Icons/128px/UI_Icon_BtnR1.png using Guid(3e8ea8d6463464104a1b57d4a095b108) Importer(815301076,1909f56bfc062723c751e8b465ee728b)  -> (artifact id: '7bdc26cb500ea87688b95001ece1cec1') in 0.031894 seconds 
Number of asset objects unloaded after import = 3
========================================================================
Received Import Request.
  Time since last request: 0.000037 seconds.
  path: Assets/Simple Vector Icons/128px/UI_Icon_BtnR3.png
  artifactKey: Guid(b317dda614e7c4c08b49ed44119d7f6a) Importer(815301076,1909f56bfc062723c751e8b465ee728b)
Number of updated assets reloaded before import = 0
Start importing Assets/Simple Vector Icons/128px/UI_Icon_BtnR3.png using Guid(b317dda614e7c4c08b49ed44119d7f6a) Importer(815301076,1909f56bfc062723c751e8b465ee728b)  -> (artifact id: '7ce59a33e7b63f3b288de582c2cb1ade') in 0.027094 seconds 
Number of asset objects unloaded after import = 3
========================================================================
Received Import Request.
  Time since last request: 0.000027 seconds.
  path: Assets/Simple Vector Icons/128px/UI_Icon_BtnPsTriangle.png
  artifactKey: Guid(075fd8a7130c34cbeb0e2358feecfb3b) Importer(815301076,1909f56bfc062723c751e8b465ee728b)
Number of updated assets reloaded before import = 0
Start importing Assets/Simple Vector Icons/128px/UI_Icon_BtnPsTriangle.png using Guid(075fd8a7130c34cbeb0e2358feecfb3b) Importer(815301076,1909f56bfc062723c751e8b465ee728b)  -> (artifact id: 'ad77de836beff58cdb39e6343c9e440c') in 0.028479 seconds 
Number of asset objects unloaded after import = 3
========================================================================
Received Import Request.
  Time since last request: 0.000026 seconds.
  path: Assets/Simple Vector Icons/128px/UI_Icon_BtnXboxY.png
  artifactKey: Guid(ad36e3237955d4a938e36223e9a1cb49) Importer(815301076,1909f56bfc062723c751e8b465ee728b)
Number of updated assets reloaded before import = 0
Start importing Assets/Simple Vector Icons/128px/UI_Icon_BtnXboxY.png using Guid(ad36e3237955d4a938e36223e9a1cb49) Importer(815301076,1909f56bfc062723c751e8b465ee728b)  -> (artifact id: '148013e3be8080a676d4df5a9ba512ff') in 0.027605 seconds 
Number of asset objects unloaded after import = 3
========================================================================
Received Import Request.
  Time since last request: 0.000048 seconds.
  path: Assets/Simple Vector Icons/128px/UI_Icon_BtnPsCircleRound.png
  artifactKey: Guid(d2361b2766c0f4c9889b9df2498769f6) Importer(815301076,1909f56bfc062723c751e8b465ee728b)
Number of updated assets reloaded before import = 0
Start importing Assets/Simple Vector Icons/128px/UI_Icon_BtnPsCircleRound.png using Guid(d2361b2766c0f4c9889b9df2498769f6) Importer(815301076,1909f56bfc062723c751e8b465ee728b)  -> (artifact id: 'b7f356096ccb7756ec80811679d27e3e') in 0.028299 seconds 
Number of asset objects unloaded after import = 3
========================================================================
Received Import Request.
  Time since last request: 0.483352 seconds.
  path: Assets/Simple Vector Icons/128px/UI_Icon_BtnDpad.png
  artifactKey: Guid(e0e50c287558f4470b7adfca68be9ea4) Importer(815301076,1909f56bfc062723c751e8b465ee728b)
Number of updated assets reloaded before import = 0
Start importing Assets/Simple Vector Icons/128px/UI_Icon_BtnDpad.png using Guid(e0e50c287558f4470b7adfca68be9ea4) Importer(815301076,1909f56bfc062723c751e8b465ee728b)  -> (artifact id: '7b8b0a8357f2ec0ad6f6973ad4e52b00') in 0.047119 seconds 
Number of asset objects unloaded after import = 3
========================================================================
Received Import Request.
  Time since last request: 0.000032 seconds.
  path: Assets/Simple Vector Icons/128px/UI_Icon_BtnDpadDirRight.png
  artifactKey: Guid(a9c1db417958948e9955ec7c1ee5fd48) Importer(815301076,1909f56bfc062723c751e8b465ee728b)
Number of updated assets reloaded before import = 0
Start importing Assets/Simple Vector Icons/128px/UI_Icon_BtnDpadDirRight.png using Guid(a9c1db417958948e9955ec7c1ee5fd48) Importer(815301076,1909f56bfc062723c751e8b465ee728b)  -> (artifact id: 'c60f85255e8acab074fa328e9a61d49c') in 0.049753 seconds 
Number of asset objects unloaded after import = 3
========================================================================
Received Import Request.
  Time since last request: 0.000024 seconds.
  path: Assets/Simple Vector Icons/128px/UI_Icon_BtnDpadDirUp.png
  artifactKey: Guid(d8470a2110fb9480aab068689e3c7b36) Importer(815301076,1909f56bfc062723c751e8b465ee728b)
Number of updated assets reloaded before import = 0
Start importing Assets/Simple Vector Icons/128px/UI_Icon_BtnDpadDirUp.png using Guid(d8470a2110fb9480aab068689e3c7b36) Importer(815301076,1909f56bfc062723c751e8b465ee728b)  -> (artifact id: 'fc54f71d8f8ae3b40fcee561670134a2') in 0.032654 seconds 
Number of asset objects unloaded after import = 3
========================================================================
Received Import Request.
  Time since last request: 0.000018 seconds.
  path: Assets/Simple Vector Icons/128px/UI_Icon_BtnDpadDirDown.png
  artifactKey: Guid(9e078e3dd7e3144c7a0a2af4d10233ca) Importer(815301076,1909f56bfc062723c751e8b465ee728b)
Number of updated assets reloaded before import = 0
Start importing Assets/Simple Vector Icons/128px/UI_Icon_BtnDpadDirDown.png using Guid(9e078e3dd7e3144c7a0a2af4d10233ca) Importer(815301076,1909f56bfc062723c751e8b465ee728b)  -> (artifact id: 'c9a479ec5185e18d5c53ab53225f0e6b') in 0.035866 seconds 
Number of asset objects unloaded after import = 3
========================================================================
Received Import Request.
  Time since last request: 0.001929 seconds.
  path: Assets/Simple Vector Icons/128px/UI_Icon_Battery0.png
  artifactKey: Guid(cc796ede84ef040e99115a08c245503c) Importer(815301076,1909f56bfc062723c751e8b465ee728b)
Number of updated assets reloaded before import = 0
Start importing Assets/Simple Vector Icons/128px/UI_Icon_Battery0.png using Guid(cc796ede84ef040e99115a08c245503c) Importer(815301076,1909f56bfc062723c751e8b465ee728b)  -> (artifact id: 'b39d8c2adb29178bec579d026310b39e') in 0.036794 seconds 
Number of asset objects unloaded after import = 3
========================================================================
Received Import Request.
  Time since last request: 0.000021 seconds.
  path: Assets/Simple Vector Icons/128px/UI_Icon_BatteryEmpty.png
  artifactKey: Guid(91d5f51d56a5e49be9ce2ff96a748970) Importer(815301076,1909f56bfc062723c751e8b465ee728b)
Number of updated assets reloaded before import = 0
Start importing Assets/Simple Vector Icons/128px/UI_Icon_BatteryEmpty.png using Guid(91d5f51d56a5e49be9ce2ff96a748970) Importer(815301076,1909f56bfc062723c751e8b465ee728b)  -> (artifact id: 'e9cefe3b5fa7a834a3ba67f2b9e099b3') in 0.028947 seconds 
Number of asset objects unloaded after import = 3
========================================================================
Received Import Request.
  Time since last request: 0.000022 seconds.
  path: Assets/Simple Vector Icons/128px/UI_Icon_Bluetooth.png
  artifactKey: Guid(e36c733aa6a4949148383ced851ef46f) Importer(815301076,1909f56bfc062723c751e8b465ee728b)
Number of updated assets reloaded before import = 0
Start importing Assets/Simple Vector Icons/128px/UI_Icon_Bluetooth.png using Guid(e36c733aa6a4949148383ced851ef46f) Importer(815301076,1909f56bfc062723c751e8b465ee728b)  -> (artifact id: '35cd4ac79de61118306cd3437baf3c8b') in 0.028013 seconds 
Number of asset objects unloaded after import = 3
========================================================================
Received Import Request.
  Time since last request: 0.000024 seconds.
  path: Assets/Simple Vector Icons/128px/UI_Icon_ArrowRight.png
  artifactKey: Guid(083b79cd6280b4186beaea0a39352110) Importer(815301076,1909f56bfc062723c751e8b465ee728b)
Number of updated assets reloaded before import = 0
Start importing Assets/Simple Vector Icons/128px/UI_Icon_ArrowRight.png using Guid(083b79cd6280b4186beaea0a39352110) Importer(815301076,1909f56bfc062723c751e8b465ee728b)  -> (artifact id: 'c5236061217812492df1fd5c398110c6') in 0.030236 seconds 
Number of asset objects unloaded after import = 3
========================================================================
Received Import Request.
  Time since last request: 0.000023 seconds.
  path: Assets/Simple Vector Icons/128px/UI_Icon_AlarmOn.png
  artifactKey: Guid(15768a9113a16419a84d76b5b245ca9f) Importer(815301076,1909f56bfc062723c751e8b465ee728b)
Number of updated assets reloaded before import = 0
Start importing Assets/Simple Vector Icons/128px/UI_Icon_AlarmOn.png using Guid(15768a9113a16419a84d76b5b245ca9f) Importer(815301076,1909f56bfc062723c751e8b465ee728b)  -> (artifact id: '2899582fabf13c1fb0de9dfa1818c138') in 0.032476 seconds 
Number of asset objects unloaded after import = 3
========================================================================
Received Import Request.
  Time since last request: 0.000026 seconds.
  path: Assets/Simple Vector Icons/128px/UI_Icon_ArrowLeft.png
  artifactKey: Guid(22552856ad82b463a99791768b620dac) Importer(815301076,1909f56bfc062723c751e8b465ee728b)
Number of updated assets reloaded before import = 0
Start importing Assets/Simple Vector Icons/128px/UI_Icon_ArrowLeft.png using Guid(22552856ad82b463a99791768b620dac) Importer(815301076,1909f56bfc062723c751e8b465ee728b)  -> (artifact id: 'f90133ce8830cd0b9eaaba7e523cc0e5') in 0.032620 seconds 
Number of asset objects unloaded after import = 3
========================================================================
Received Import Request.
  Time since last request: 0.000019 seconds.
  path: Assets/Simple Vector Icons/128px/UI_Icon_Bone.png
  artifactKey: Guid(1062ed40eca1848c59db68e47d3b0410) Importer(815301076,1909f56bfc062723c751e8b465ee728b)
Number of updated assets reloaded before import = 0
Start importing Assets/Simple Vector Icons/128px/UI_Icon_Bone.png using Guid(1062ed40eca1848c59db68e47d3b0410) Importer(815301076,1909f56bfc062723c751e8b465ee728b)  -> (artifact id: '96e7b6738825da35483ef77a73a42333') in 0.032012 seconds 
Number of asset objects unloaded after import = 3
========================================================================
Received Import Request.
  Time since last request: 0.000038 seconds.
  path: Assets/Simple Vector Icons/128px/UI_Icon_Battery100.png
  artifactKey: Guid(d1f2f3fe0af10469e9c90ea27ea3609d) Importer(815301076,1909f56bfc062723c751e8b465ee728b)
Number of updated assets reloaded before import = 0
Start importing Assets/Simple Vector Icons/128px/UI_Icon_Battery100.png using Guid(d1f2f3fe0af10469e9c90ea27ea3609d) Importer(815301076,1909f56bfc062723c751e8b465ee728b)  -> (artifact id: 'b020a83b84a21609cd7629ed0f22cb85') in 0.031134 seconds 
Number of asset objects unloaded after import = 3
========================================================================
Received Import Request.
  Time since last request: 0.519061 seconds.
  path: Assets/Simple Vector Icons/128px/UI_Icon_AlarmClock.png
  artifactKey: Guid(5cb48b1a4eef7402bbebae747a5a1b5a) Importer(815301076,1909f56bfc062723c751e8b465ee728b)
Number of updated assets reloaded before import = 0
Start importing Assets/Simple Vector Icons/128px/UI_Icon_AlarmClock.png using Guid(5cb48b1a4eef7402bbebae747a5a1b5a) Importer(815301076,1909f56bfc062723c751e8b465ee728b)  -> (artifact id: 'a247714b2e8e0497791b74e587ec4d6d') in 0.037397 seconds 
Number of asset objects unloaded after import = 3
Editor requested this worker to shutdown with reason: Scaling down because of idle timeout
AssetImportWorker is now disconnected from the server
Process exiting
Exiting without the bug reporter. Application will terminate with return code 0